2017-07-15 10:13:48,729 - root - [ERROR]: True
None
2017-07-15 10:13:48,732 - root - [ERROR]: argument of type 'NoneType' is not iterable
Traceback (most recent call last):
  File "click_log_processor.py", line 116, in run
    handle_msg(msg)
  File "click_log_processor.py", line 91, in handle_msg
    logging.error('class' not in news, exc_info = True)
TypeError: argument of type 'NoneType' is not iterable
2017-07-15 10:13:53,779 - root - [ERROR]: True
Traceback (most recent call last):
  File "click_log_processor.py", line 116, in run
    handle_msg(msg)
  File "click_log_processor.py", line 91, in handle_msg
    logging.error('class' not in news, exc_info = True)
TypeError: argument of type 'NoneType' is not iterable
2017-07-15 10:13:53,782 - root - [ERROR]: argument of type 'NoneType' is not iterable
Traceback (most recent call last):
  File "click_log_processor.py", line 116, in run
    handle_msg(msg)
  File "click_log_processor.py", line 91, in handle_msg
    logging.error('class' not in news, exc_info = True)
TypeError: argument of type 'NoneType' is not iterable
2017-07-15 10:13:58,843 - root - [ERROR]: False
Traceback (most recent call last):
  File "click_log_processor.py", line 116, in run
    handle_msg(msg)
  File "click_log_processor.py", line 91, in handle_msg
    logging.error('class' not in news, exc_info = True)
TypeError: argument of type 'NoneType' is not iterable
2017-07-15 10:13:58,852 - root - [ERROR]: True
Traceback (most recent call last):
  File "click_log_processor.py", line 116, in run
    handle_msg(msg)
  File "click_log_processor.py", line 91, in handle_msg
    logging.error('class' not in news, exc_info = True)
TypeError: argument of type 'NoneType' is not iterable
2017-07-15 10:13:58,855 - root - [ERROR]: 'class'
Traceback (most recent call last):
  File "click_log_processor.py", line 116, in run
    handle_msg(msg)
  File "click_log_processor.py", line 92, in handle_msg
    logging.error(news['class'] not in NEWS_CLASSES, exc_info = True)
KeyError: 'class'
